<?xml version="1.0" encoding="UTF-8"?>
<testng-results skipped="0" failed="0" ignored="0" total="0" passed="0">
  <reporter-output>
  </reporter-output>
  <suite name="Suite" duration-ms="25" started-at="2020-07-22T16:08:56 PDT" finished-at="2020-07-22T16:08:56 PDT">
    <groups>
    </groups>
    <test name="FlightSearchFunctionality" duration-ms="25" started-at="2020-07-22T16:08:56 PDT" finished-at="2020-07-22T16:08:56 PDT">
    </test> <!-- FlightSearchFunctionality -->
  </suite> <!-- Suite -->
</testng-results>
